C51 COMPILER V8.12   HAL_NRF_HW                                                            02/22/2011 12:45:33 PAGE 1   


C51 COMPILER V8.12, COMPILATION OF MODULE HAL_NRF_HW
OBJECT MODULE PLACED IN .\hal_nrf_hw.obj
COMPILER INVOKED BY: C:\Keil\C51\BIN\C51.EXE ..\..\hal\nrf24le1\hal_nrf_hw.c LARGE BROWSE INCDIR(..\..\compiler\c51;..\.
                    -.\hal\nrf24le1;..\..\hal;..\..\hal\nrf24l01p) DEBUG OBJECTEXTEND PRINT(.\hal_nrf_hw.lst) OBJECT(.\hal_nrf_hw.obj)

line level    source

   1          /* Copyright (c) 2009 Nordic Semiconductor. All Rights Reserved.
   2           *
   3           * The information contained herein is confidential property of Nordic 
   4           * Semiconductor ASA.Terms and conditions of usage are described in detail 
   5           * in NORDIC SEMICONDUCTOR STANDARD SOFTWARE LICENSE AGREEMENT. 
   6           *
   7           * Licensees are granted free, non-transferable use of the information. NO
   8           * WARRENTY of ANY KIND is provided. This heading must NOT be removed from
   9           * the file.
  10           *              
  11           * $LastChangedRevision: 5717 $
  12           */
  13          
  14          /** @file
  15           * @brief Implementation of #hal_nrf_rw.
  16           * 
  17           * @details #hal_nrf_rw is an SPI function which is hardware dependent. This file
  18           * contains an implementation for nRF24LE1.
  19           */
  20          
  21          #include <reg24le1.h>
  22          #include <stdint.h>
  23          #include <hal_nrf.h>
  24          
  25          uint8_t hal_nrf_rw(uint8_t value)
  26          {
  27   1        SPIRDAT = value;
  28   1        
  29   1        while(!(SPIRSTAT & 0x02));  // wait for byte transfer finished
  30   1          ;
  31   1        return SPIRDAT;             // return SPI read value
  32   1      }
  33          
  34          


MODULE INFORMATION:   STATIC OVERLAYABLE
   CODE SIZE        =     10    ----
   CONSTANT SIZE    =   ----    ----
   XDATA SIZE       =   ----    ----
   PDATA SIZE       =   ----    ----
   DATA SIZE        =   ----    ----
   IDATA SIZE       =   ----    ----
   BIT SIZE         =   ----    ----
END OF MODULE INFORMATION.


C51 COMPILATION COMPLETE.  0 WARNING(S),  0 ERROR(S)
